TN:
SF:/home/angeloocana/dev/polutz/ptz-fp/dist-esnext/index.js
FN:1,(anonymous_0)
FN:2,(anonymous_2)
FNF:2
FNH:2
FNDA:6,(anonymous_0)
FNDA:6,(anonymous_2)
DA:1,8
DA:2,8
LF:2
LH:2
BRDA:1,0,0,1
BRDA:1,0,1,2
BRDA:2,1,0,1
BRDA:2,1,1,2
BRF:4
BRH:4
end_of_record
TN:
SF:/home/angeloocana/dev/polutz/ptz-fp/dist-esnext/isNilOrEmpty.js
FNF:0
FNH:0
DA:1,1
DA:6,1
LF:2
LH:2
BRF:0
BRH:0
end_of_record
TN:
SF:/home/angeloocana/dev/polutz/ptz-fp/dist-esnext/isNotNilOrEmpty.js
FNF:0
FNH:0
DA:1,1
DA:2,1
DA:6,1
LF:3
LH:3
BRF:0
BRH:0
end_of_record
